<?xml version="1.0" encoding="UTF-8"?>
<!-- Generated by org.testng.reporters.JUnitXMLReporter -->
<testsuite ignored="0" hostname="ThivakarDeivendran" failures="0" tests="4" name="Default test" time="22.849" errors="0" timestamp="2024-09-13T16:06:02 IST">
  <testcase classname="testPackage.TestClass" name="titleMethod" time="9.479"/>
  <testcase classname="testPackage.TestClass" name="searchProductMethod" time="6.751"/>
  <testcase classname="testPackage.TestClass" name="listOfAllProductNameAndAmount" time="5.786"/>
  <testcase classname="testPackage.TestClass" name="closeApplicationMethod" time="0.762"/>
</testsuite> <!-- Default test -->
