<?xml version="1.0" encoding="UTF-8"?>
<!-- Generated by org.testng.reporters.JUnitXMLReporter -->
<testsuite ignored="0" hostname="ThivakarDeivendran" failures="0" tests="4" name="Test" time="23.436" errors="0" timestamp="2024-09-13T16:17:09 IST">
  <testcase classname="testPackage.TestClass" name="titleMethod" time="9.517"/>
  <testcase classname="testPackage.TestClass" name="searchProductMethod" time="6.621"/>
  <testcase classname="testPackage.TestClass" name="listOfAllProductNameAndAmount" time="6.55"/>
  <testcase classname="testPackage.TestClass" name="closeApplicationMethod" time="0.501"/>
</testsuite> <!-- Test -->
