<?xml version="1.0" encoding="UTF-8"?>
<testng-results ignored="0" total="4" passed="4" failed="0" skipped="0">
  <reporter-output>
  </reporter-output>
  <suite started-at="2024-09-13T16:16:45 IST" name="Suite" finished-at="2024-09-13T16:17:09 IST" duration-ms="23436">
    <groups>
    </groups>
    <test started-at="2024-09-13T16:16:45 IST" name="Test" finished-at="2024-09-13T16:17:09 IST" duration-ms="23436">
      <class name="testPackage.TestClass">
        <test-method is-config="true" signature="logger()[pri:0, instance:testPackage.TestClass@c430e6c]" started-at="2024-09-13T16:16:45 IST" name="logger" finished-at="2024-09-13T16:16:45 IST" duration-ms="104" status="PASS">
          <reporter-output>
          </reporter-output>
        </test-method> <!-- logger -->
        <test-method signature="titleMethod()[pri:1, instance:testPackage.TestClass@c430e6c]" started-at="2024-09-13T16:16:46 IST" name="titleMethod" finished-at="2024-09-13T16:16:55 IST" duration-ms="9517" status="PASS">
          <reporter-output>
          </reporter-output>
        </test-method> <!-- titleMethod -->
        <test-method signature="searchProductMethod()[pri:2, instance:testPackage.TestClass@c430e6c]" started-at="2024-09-13T16:16:55 IST" name="searchProductMethod" finished-at="2024-09-13T16:17:02 IST" duration-ms="6621" status="PASS">
          <reporter-output>
          </reporter-output>
        </test-method> <!-- searchProductMethod -->
        <test-method signature="listOfAllProductNameAndAmount()[pri:3, instance:testPackage.TestClass@c430e6c]" started-at="2024-09-13T16:17:02 IST" name="listOfAllProductNameAndAmount" finished-at="2024-09-13T16:17:08 IST" duration-ms="6550" status="PASS">
          <reporter-output>
          </reporter-output>
        </test-method> <!-- listOfAllProductNameAndAmount -->
        <test-method signature="closeApplicationMethod()[pri:4, instance:testPackage.TestClass@c430e6c]" started-at="2024-09-13T16:17:08 IST" name="closeApplicationMethod" finished-at="2024-09-13T16:17:09 IST" duration-ms="501" status="PASS">
          <reporter-output>
          </reporter-output>
        </test-method> <!-- closeApplicationMethod -->
      </class> <!-- testPackage.TestClass -->
    </test> <!-- Test -->
  </suite> <!-- Suite -->
</testng-results>
